TN:
SF:src\App.js
FN:11,buscarFilme
FN:51,(anonymous_1)
FN:106,(anonymous_2)
FN:117,(anonymous_3)
FN:122,(anonymous_4)
FNF:5
FNH:5
FNDA:8,buscarFilme
FNDA:1,(anonymous_1)
FNDA:8,(anonymous_2)
FNDA:1,(anonymous_3)
FNDA:1,(anonymous_4)
DA:1,1
DA:2,1
DA:4,1
DA:5,1
DA:7,1
DA:8,1
DA:9,1
DA:12,8
DA:14,8
DA:25,7
DA:26,1
DA:29,6
DA:32,6
DA:37,6
DA:38,6
DA:41,6
DA:42,5
DA:46,4
DA:47,3
DA:51,1
DA:62,5
DA:93,5
DA:101,3
DA:106,1
DA:107,8
DA:108,8
DA:109,8
DA:110,5
DA:112,3
DA:117,1
DA:118,1
DA:122,1
DA:123,1
DA:124,1
DA:126,1
DA:140,1
LF:36
LH:36
BRDA:25,0,0,1
BRDA:25,0,1,6
BRDA:41,1,0,5
BRDA:41,1,1,1
BRDA:46,2,0,3
BRDA:46,2,1,1
BRDA:46,3,0,4
BRDA:46,3,1,4
BRDA:50,4,0,3
BRDA:50,4,1,2
BRDA:54,5,0,3
BRDA:54,5,1,0
BRDA:101,6,0,3
BRDA:101,6,1,0
BRF:14
BRH:12
end_of_record
